Performing system checks...

System check identified no issues (0 silenced).
April 10, 2018 - 11:44:24
Django version 1.11, using settings 'blog.settings'
Starting development server at http://127.0.0.1:8000/
Quit the server with CONTROL-C.
[2018-04-10 12:11:17 +0000] [13531] [INFO] Starting gunicorn 19.7.1
[2018-04-10 12:11:17 +0000] [13531] [INFO] Listening at: http://127.0.0.1:8080 (13531)
[2018-04-10 12:11:17 +0000] [13531] [INFO] Using worker: sync
[2018-04-10 12:11:17 +0000] [13534] [INFO] Booting worker with pid: 13534
[2018-04-10 12:11:17 +0000] [13534] [ERROR] Exception in worker process
Traceback (most recent call last):
  File "/root/Blog/env/lib/python3.6/site-packages/gunicorn/arbiter.py", line 578, in spawn_worker
    worker.init_process()
  File "/root/Blog/env/lib/python3.6/site-packages/gunicorn/workers/base.py", line 126, in init_process
    self.load_wsgi()
  File "/root/Blog/env/lib/python3.6/site-packages/gunicorn/workers/base.py", line 135, in load_wsgi
    self.wsgi = self.app.wsgi()
  File "/root/Blog/env/lib/python3.6/site-packages/gunicorn/app/base.py", line 67, in wsgi
    self.callable = self.load()
  File "/root/Blog/env/lib/python3.6/site-packages/gunicorn/app/wsgiapp.py", line 65, in load
    return self.load_wsgiapp()
  File "/root/Blog/env/lib/python3.6/site-packages/gunicorn/app/wsgiapp.py", line 52, in load_wsgiapp
    return util.import_app(self.app_uri)
  File "/root/Blog/env/lib/python3.6/site-packages/gunicorn/util.py", line 352, in import_app
    __import__(module)
ModuleNotFoundError: No module named 'project'
[2018-04-10 12:11:17 +0000] [13534] [INFO] Worker exiting (pid: 13534)
[2018-04-10 12:11:17 +0000] [13531] [INFO] Shutting down: Master
[2018-04-10 12:11:17 +0000] [13531] [INFO] Reason: Worker failed to boot.
[2018-04-10 12:11:34 +0000] [13799] [INFO] Starting gunicorn 19.7.1
[2018-04-10 12:11:34 +0000] [13799] [INFO] Listening at: http://127.0.0.1:8080 (13799)
[2018-04-10 12:11:34 +0000] [13799] [INFO] Using worker: sync
[2018-04-10 12:11:34 +0000] [13814] [INFO] Booting worker with pid: 13814
[2018-04-10 12:11:34 +0000] [13815] [INFO] Booting worker with pid: 13815
[2018-04-10 12:11:34 +0000] [13820] [INFO] Booting worker with pid: 13820
[2018-04-10 12:14:53 +0000] [13799] [INFO] Handling signal: int
[2018-04-10 12:14:53 +0000] [13815] [INFO] Worker exiting (pid: 13815)
[2018-04-10 12:14:53 +0000] [13814] [INFO] Worker exiting (pid: 13814)
[2018-04-10 12:14:53 +0000] [13820] [INFO] Worker exiting (pid: 13820)
[2018-04-10 12:14:53 +0000] [13799] [INFO] Shutting down: Master
[2018-04-10 12:25:26 +0000] [26699] [INFO] Starting gunicorn 19.7.1
[2018-04-10 12:25:26 +0000] [26699] [INFO] Listening at: http://127.0.0.1:8080 (26699)
[2018-04-10 12:25:26 +0000] [26699] [INFO] Using worker: sync
[2018-04-10 12:25:26 +0000] [26702] [INFO] Booting worker with pid: 26702
[2018-04-10 12:25:26 +0000] [26703] [INFO] Booting worker with pid: 26703
[2018-04-10 12:25:26 +0000] [26704] [INFO] Booting worker with pid: 26704
Not Found: /blog/inddex
Not Found: /static/admin/css/base.css
Not Found: /static/admin/css/login.css
Not Found: /static/admin/css/base.css
Not Found: /static/admin/css/login.css
Not Found: /blog
Not Found: /blog/about
[2018-04-10 12:34:13 +0000] [2352] [INFO] Booting worker with pid: 2352
[2018-04-10 12:34:13 +0000] [26699] [INFO] Handling signal: hup
[2018-04-10 12:34:13 +0000] [26699] [INFO] Hang up: Master
[2018-04-10 12:34:13 +0000] [2368] [INFO] Booting worker with pid: 2368
[2018-04-10 12:34:13 +0000] [2370] [INFO] Booting worker with pid: 2370
[2018-04-10 12:34:13 +0000] [2369] [INFO] Booting worker with pid: 2369
[2018-04-10 12:34:14 +0000] [2352] [INFO] Worker exiting (pid: 2352)
Not Found: /
Not Found: /
Not Found: /wls-wsat/CoordinatorPortType
Not Found: /
Not Found: /http://www.leo7723.top/
Not Found: /wp-login.php
Not Found: /administrator/index.php
Not Found: /
Not Found: /
Not Found: /
Not Found: /
Not Found: /http://www.leo7723.top/
Not Found: /cgi-bin/php
Not Found: /cgi-bin/php5
Not Found: /cgi-bin/php-cgi
Not Found: /cgi-bin/php.cgi
Not Found: /cgi-bin/php4
Not Found: /cgi-bin/php5-cli
Not Found: /cgi-bin/test.cgi
Not Found: /cgi-sys/php5
Not Found: /
Not Found: /http://www.leo7723.top/
Not Found: /favicon.ico
Not Found: /
Not Found: /
Not Found: /
Not Found: /
Not Found: /
Not Found: /
Not Found: /
Not Found: /
Not Found: /
Not Found: /
Not Found: /blog/
Not Found: /blog/
Not Found: /
Not Found: /
Not Found: /
[2018-04-11 02:12:51 +0000] [25739] [INFO] Starting gunicorn 19.7.1
[2018-04-11 02:12:51 +0000] [25739] [INFO] Listening at: http://127.0.0.1:8000 (25739)
[2018-04-11 02:12:51 +0000] [25739] [INFO] Using worker: sync
[2018-04-11 02:12:51 +0000] [25746] [INFO] Booting worker with pid: 25746
Not Found: /
[2018-04-11 02:19:18 +0000] [25739] [INFO] Handling signal: int
[2018-04-11 02:19:18 +0000] [25746] [INFO] Worker exiting (pid: 25746)
[2018-04-11 02:19:18 +0000] [25739] [INFO] Shutting down: Master
[2018-04-11 02:20:04 +0000] [316] [INFO] Starting gunicorn 19.7.1
[2018-04-11 02:20:04 +0000] [316] [INFO] Listening at: http://127.0.0.1:8000 (316)
[2018-04-11 02:20:04 +0000] [316] [INFO] Using worker: sync
[2018-04-11 02:20:04 +0000] [319] [INFO] Booting worker with pid: 319
Not Found: /
Not Found: /
Not Found: /
Not Found: /
Not Found: /favicon.ico
Not Found: /
[2018-04-11 02:21:20 +0000] [316] [INFO] Handling signal: int
[2018-04-11 02:21:20 +0000] [319] [INFO] Worker exiting (pid: 319)
[2018-04-11 02:21:20 +0000] [316] [INFO] Shutting down: Master
[2018-04-11 02:21:39 +0000] [1921] [INFO] Starting gunicorn 19.7.1
[2018-04-11 02:21:39 +0000] [1921] [INFO] Listening at: http://127.0.0.1:8000 (1921)
[2018-04-11 02:21:39 +0000] [1921] [INFO] Using worker: sync
[2018-04-11 02:21:39 +0000] [1930] [INFO] Booting worker with pid: 1930
Not Found: /
Not Found: /
[2018-04-11 02:25:39 +0000] [1921] [INFO] Handling signal: hup
[2018-04-11 02:25:39 +0000] [1921] [INFO] Hang up: Master
[2018-04-11 02:25:39 +0000] [5878] [INFO] Booting worker with pid: 5878
[2018-04-20 09:14:04 +0000] [16872] [INFO] Starting gunicorn 19.7.1
[2018-04-20 09:14:04 +0000] [16872] [INFO] Listening at: http://127.0.0.1:8000 (16872)
[2018-04-20 09:14:04 +0000] [16872] [INFO] Using worker: sync
[2018-04-20 09:14:04 +0000] [16879] [INFO] Booting worker with pid: 16879
Internal Server Error: /blog/index/
Traceback (most recent call last):
  File "/root/Blog/env/lib/python3.6/site-packages/django/core/handlers/exception.py", line 41, in inner
    response = get_response(request)
  File "/root/Blog/env/lib/python3.6/site-packages/django/core/handlers/base.py", line 249, in _legacy_get_response
    response = self._get_response(request)
  File "/root/Blog/env/lib/python3.6/site-packages/django/core/handlers/base.py", line 187, in _get_response
    response = self.process_exception_by_middleware(e, request)
  File "/root/Blog/env/lib/python3.6/site-packages/django/core/handlers/base.py", line 185, in _get_response
    response = wrapped_callback(request, *callback_args, **callback_kwargs)
  File "/root/Blog/blog/myblog/views.py", line 13, in blog_index
    blog.summary = summary[0,46]+'...'
TypeError: string indices must be integers
[2018-04-20 09:20:59 +0000] [16872] [INFO] Handling signal: int
[2018-04-20 09:21:00 +0000] [16879] [INFO] Worker exiting (pid: 16879)
[2018-04-20 09:21:00 +0000] [16872] [INFO] Shutting down: Master
[2018-04-20 09:21:10 +0000] [20241] [INFO] Starting gunicorn 19.7.1
[2018-04-20 09:21:10 +0000] [20241] [INFO] Listening at: http://127.0.0.1:8000 (20241)
[2018-04-20 09:21:10 +0000] [20241] [INFO] Using worker: sync
[2018-04-20 09:21:10 +0000] [20245] [INFO] Booting worker with pid: 20245
Internal Server Error: /blog/index/
Traceback (most recent call last):
  File "/root/Blog/env/lib/python3.6/site-packages/django/core/handlers/exception.py", line 41, in inner
    response = get_response(request)
  File "/root/Blog/env/lib/python3.6/site-packages/django/core/handlers/base.py", line 249, in _legacy_get_response
    response = self._get_response(request)
  File "/root/Blog/env/lib/python3.6/site-packages/django/core/handlers/base.py", line 187, in _get_response
    response = self.process_exception_by_middleware(e, request)
  File "/root/Blog/env/lib/python3.6/site-packages/django/core/handlers/base.py", line 185, in _get_response
    response = wrapped_callback(request, *callback_args, **callback_kwargs)
  File "/root/Blog/blog/myblog/views.py", line 13, in blog_index
    blog.summary = summary[0,46]
TypeError: string indices must be integers
[2018-04-20 09:21:56 +0000] [20241] [INFO] Handling signal: int
[2018-04-20 09:21:56 +0000] [20245] [INFO] Worker exiting (pid: 20245)
[2018-04-20 09:21:56 +0000] [20241] [INFO] Shutting down: Master
[2018-04-20 09:22:01 +0000] [20658] [INFO] Starting gunicorn 19.7.1
[2018-04-20 09:22:01 +0000] [20658] [INFO] Listening at: http://127.0.0.1:8000 (20658)
[2018-04-20 09:22:01 +0000] [20658] [INFO] Using worker: sync
[2018-04-20 09:22:01 +0000] [20661] [INFO] Booting worker with pid: 20661
[2018-04-20 09:23:25 +0000] [20658] [INFO] Handling signal: int
[2018-04-20 09:23:25 +0000] [20661] [INFO] Worker exiting (pid: 20661)
[2018-04-20 09:23:25 +0000] [20658] [INFO] Shutting down: Master
[2018-04-20 09:23:27 +0000] [21363] [INFO] Starting gunicorn 19.7.1
[2018-04-20 09:23:27 +0000] [21363] [INFO] Listening at: http://127.0.0.1:8000 (21363)
[2018-04-20 09:23:27 +0000] [21363] [INFO] Using worker: sync
[2018-04-20 09:23:27 +0000] [21366] [INFO] Booting worker with pid: 21366
Not Found: /static/admin/css/base.css
Not Found: /static/admin/css/forms.css
Not Found: /static/admin/js/jquery.init.js
Not Found: /static/admin/js/urlify.js
Not Found: /static/admin/js/vendor/jquery/jquery.js
Not Found: /static/admin/js/core.js
Not Found: /static/admin/js/admin/RelatedObjectLookups.js
Not Found: /static/admin/js/actions.js
Not Found: /static/admin/js/prepopulate.js
Not Found: /static/admin/js/vendor/xregexp/xregexp.js
Not Found: /static/admin/js/calendar.js
Not Found: /static/admin/js/admin/DateTimeShortcuts.js
Not Found: /static/admin/js/change_form.js
Not Found: /static/admin/js/prepopulate_init.js
Not Found: /static/admin/js/jquery.init.js
Not Found: /static/admin/js/admin/RelatedObjectLookups.js
Not Found: /static/admin/js/actions.js
Not Found: /static/admin/js/urlify.js
Not Found: /static/admin/js/prepopulate.js
Not Found: /static/admin/js/vendor/xregexp/xregexp.js
Not Found: /static/admin/js/calendar.js
Not Found: /static/admin/js/admin/DateTimeShortcuts.js
Not Found: /static/admin/js/change_form.js
Not Found: /static/admin/js/prepopulate_init.js
Not Found: /static/admin/css/changelists.css
Not Found: /static/admin/css/base.css
Not Found: /static/admin/js/actions.js
Not Found: /static/admin/js/urlify.js
Not Found: /static/admin/js/core.js
Not Found: /static/admin/js/vendor/jquery/jquery.js
Not Found: /static/admin/js/admin/RelatedObjectLookups.js
Not Found: /static/admin/js/jquery.init.js
Not Found: /static/admin/js/prepopulate.js
Not Found: /static/admin/js/vendor/xregexp/xregexp.js
Not Found: /static/admin/js/core.js
Not Found: /static/admin/js/vendor/jquery/jquery.js
Not Found: /static/admin/js/jquery.init.js
Not Found: /static/admin/js/admin/RelatedObjectLookups.js
Not Found: /static/admin/js/actions.js
Not Found: /static/admin/js/urlify.js
Not Found: /static/admin/js/prepopulate.js
Not Found: /static/admin/js/vendor/xregexp/xregexp.js
Not Found: /static/admin/js/jquery.init.js
Not Found: /static/admin/js/urlify.js
Not Found: /static/admin/js/admin/RelatedObjectLookups.js
Not Found: /static/admin/css/base.css
Not Found: /static/admin/css/forms.css
Not Found: /static/admin/js/core.js
Not Found: /static/admin/js/vendor/jquery/jquery.js
Not Found: /static/admin/js/actions.js
Not Found: /static/admin/js/prepopulate.js
Not Found: /static/admin/js/vendor/xregexp/xregexp.js
Not Found: /static/admin/js/calendar.js
Not Found: /static/admin/js/change_form.js
Not Found: /static/admin/js/admin/DateTimeShortcuts.js
Not Found: /static/admin/js/prepopulate_init.js
Not Found: /static/admin/js/jquery.init.js
Not Found: /static/admin/js/admin/RelatedObjectLookups.js
Not Found: /static/admin/js/actions.js
Not Found: /static/admin/js/urlify.js
Not Found: /static/admin/js/prepopulate.js
Not Found: /static/admin/js/vendor/xregexp/xregexp.js
Not Found: /static/admin/js/calendar.js
Not Found: /static/admin/js/admin/DateTimeShortcuts.js
Not Found: /static/admin/js/change_form.js
Not Found: /static/admin/js/prepopulate_init.js
Not Found: /static/admin/css/base.css
Not Found: /static/admin/css/changelists.css
Not Found: /static/admin/js/actions.js
Not Found: /static/admin/js/core.js
Not Found: /static/admin/js/vendor/jquery/jquery.js
Not Found: /static/admin/js/jquery.init.js
Not Found: /static/admin/js/admin/RelatedObjectLookups.js
Not Found: /static/admin/js/urlify.js
Not Found: /static/admin/js/prepopulate.js
Not Found: /static/admin/js/vendor/xregexp/xregexp.js
Not Found: /static/admin/js/vendor/jquery/jquery.js
Not Found: /static/admin/js/jquery.init.js
Not Found: /static/admin/js/admin/RelatedObjectLookups.js
Not Found: /static/admin/js/actions.js
Not Found: /static/admin/js/urlify.js
Not Found: /static/admin/js/prepopulate.js
Not Found: /static/admin/js/vendor/xregexp/xregexp.js
Not Found: /static/admin/css/base.css
Not Found: /static/admin/js/jquery.init.js
Not Found: /static/admin/js/admin/RelatedObjectLookups.js
Not Found: /static/admin/js/actions.js
Not Found: /static/admin/js/core.js
Not Found: /static/admin/js/vendor/jquery/jquery.js
Not Found: /static/admin/js/urlify.js
Not Found: /static/admin/js/vendor/xregexp/xregexp.js
Not Found: /static/admin/js/cancel.js
Not Found: /static/admin/js/prepopulate.js
Not Found: /static/admin/js/vendor/jquery/jquery.js
Not Found: /static/admin/js/jquery.init.js
Not Found: /static/admin/js/admin/RelatedObjectLookups.js
Not Found: /static/admin/js/actions.js
Not Found: /static/admin/js/urlify.js
Not Found: /static/admin/js/prepopulate.js
Not Found: /static/admin/js/vendor/xregexp/xregexp.js
Not Found: /static/admin/js/cancel.js
Not Found: /static/admin/js/core.js
Not Found: /static/admin/css/changelists.css
Not Found: /static/admin/js/urlify.js
Not Found: /static/admin/css/base.css
Not Found: /static/admin/js/actions.js
Not Found: /static/admin/js/prepopulate.js
Not Found: /static/admin/js/vendor/jquery/jquery.js
Not Found: /static/admin/js/jquery.init.js
Not Found: /static/admin/js/admin/RelatedObjectLookups.js
Not Found: /static/admin/js/core.js
Not Found: /static/admin/js/vendor/xregexp/xregexp.js
Not Found: /static/admin/js/vendor/jquery/jquery.js
Not Found: /static/admin/js/jquery.init.js
Not Found: /static/admin/js/admin/RelatedObjectLookups.js
Not Found: /static/admin/js/actions.js
Not Found: /static/admin/js/urlify.js
Not Found: /static/admin/js/prepopulate.js
Not Found: /static/admin/js/vendor/xregexp/xregexp.js
[2018-04-20 10:19:51 +0000] [21363] [INFO] Handling signal: int
[2018-04-20 10:19:51 +0000] [21366] [INFO] Worker exiting (pid: 21366)
[2018-04-20 10:19:51 +0000] [21363] [INFO] Shutting down: Master
[2018-04-20 10:20:18 +0000] [16835] [INFO] Starting gunicorn 19.7.1
[2018-04-20 10:20:18 +0000] [16835] [INFO] Listening at: http://127.0.0.1:8000 (16835)
[2018-04-20 10:20:18 +0000] [16835] [INFO] Using worker: sync
[2018-04-20 10:20:18 +0000] [16838] [INFO] Booting worker with pid: 16838
Not Found: /blog/pygments.css
Not Found: /blog/pygments.css
[2018-04-20 10:26:49 +0000] [16835] [INFO] Handling signal: int
[2018-04-20 10:26:50 +0000] [16838] [INFO] Worker exiting (pid: 16838)
[2018-04-20 10:26:50 +0000] [16835] [INFO] Shutting down: Master
[2018-04-20 10:26:56 +0000] [20118] [INFO] Starting gunicorn 19.7.1
[2018-04-20 10:26:56 +0000] [20118] [INFO] Listening at: http://127.0.0.1:8000 (20118)
[2018-04-20 10:26:56 +0000] [20118] [INFO] Using worker: sync
[2018-04-20 10:26:56 +0000] [20121] [INFO] Booting worker with pid: 20121
Not Found: /blog/pygments.css
[2018-04-20 10:31:02 +0000] [20118] [INFO] Handling signal: int
[2018-04-20 10:31:03 +0000] [20121] [INFO] Worker exiting (pid: 20121)
[2018-04-20 10:31:03 +0000] [20118] [INFO] Shutting down: Master
[2018-04-20 10:31:05 +0000] [22170] [INFO] Starting gunicorn 19.7.1
[2018-04-20 10:31:05 +0000] [22170] [INFO] Listening at: http://127.0.0.1:8000 (22170)
[2018-04-20 10:31:05 +0000] [22170] [INFO] Using worker: sync
[2018-04-20 10:31:05 +0000] [22177] [INFO] Booting worker with pid: 22177
[2018-04-20 10:31:27 +0000] [22170] [INFO] Handling signal: int
[2018-04-20 10:31:27 +0000] [22170] [INFO] Shutting down: Master
